<?xml version="1.0" encoding="UTF-8"?>
<!-- Generated by org.testng.reporters.JUnitXMLReporter -->
<testsuite hostname="LAPTOP-P7ODROTG" ignored="0" name="Banking app Test" tests="6" failures="3" timestamp="2021-09-26T08:23:00 BST" time="21.453" errors="0">
  <testcase name="loginTest" time="0.911" classname="com.inetBanking.testCases.TC_LoginTest_001"/>
  <testcase name="loginDDTest" time="3.163" classname="com.inetBanking.testCases.TC_LoginTest_002"/>
  <testcase name="loginDDTest" time="1.093" classname="com.inetBanking.testCases.TC_LoginTest_002">
    <failure type="java.lang.AssertionError" message="expected [true] but found [false]">
      <![CDATA[java.lang.AssertionError: expected [true] but found [false]
at com.inetBanking.testCases.TC_LoginTest_002.loginDDTest(TC_LoginTest_002.java:30)
at java.util.ArrayList.forEach(ArrayList.java:1257)
... Removed 31 stack frames]]>
    </failure>
  </testcase> <!-- loginDDTest -->
  <testcase name="loginDDTest" time="2.693" classname="com.inetBanking.testCases.TC_LoginTest_002"/>
  <testcase name="loginDDTest" time="1.153" classname="com.inetBanking.testCases.TC_LoginTest_002">
    <failure type="java.lang.AssertionError" message="expected [true] but found [false]">
      <![CDATA[java.lang.AssertionError: expected [true] but found [false]
at com.inetBanking.testCases.TC_LoginTest_002.loginDDTest(TC_LoginTest_002.java:30)
at java.util.ArrayList.forEach(ArrayList.java:1257)
... Removed 31 stack frames]]>
    </failure>
  </testcase> <!-- loginDDTest -->
  <testcase name="loginDDTest" time="1.629" classname="com.inetBanking.testCases.TC_LoginTest_002">
    <failure type="java.lang.AssertionError" message="expected [true] but found [false]">
      <![CDATA[java.lang.AssertionError: expected [true] but found [false]
at com.inetBanking.testCases.TC_LoginTest_002.loginDDTest(TC_LoginTest_002.java:30)
at java.util.ArrayList.forEach(ArrayList.java:1257)
... Removed 31 stack frames]]>
    </failure>
  </testcase> <!-- loginDDTest -->
</testsuite> <!-- Banking app Test -->
