<?xml version="1.0" encoding="UTF-8"?>
<testsuite name="TestSuite" time="4.011" tests="6" errors="0" skipped="0" failures="3">
  <properties>
[...]
</properties>
  <testcase name="loginTest" classname="com.inetBanking.testCases.TC_LoginTest_001" time="0.928"/>
  <testcase name="loginDDTest" classname="com.inetBanking.testCases.TC_LoginTest_002" time="3.083"/>
  <testcase name="loginDDTest" classname="com.inetBanking.testCases.TC_LoginTest_002" time="1.013">
    <failure message="expected [true] but found [false]" type="java.lang.AssertionError">java.lang.AssertionError: expected [true] but found [false]
	at org.testng.Assert.fail(Assert.java:99)
	at org.testng.Assert.failNotEquals(Assert.java:1037)
	at org.testng.Assert.assertTrue(Assert.java:45)
	at org.testng.Assert.assertTrue(Assert.java:55)
	at com.inetBanking.testCases.TC_LoginTest_002.loginDDTest(TC_LoginTest_002.java:30)
</failure>
    <system-out><![CDATA[ INFO [main] (TC_LoginTest_002.java:21)- sent user name
 INFO [main] (TC_LoginTest_002.java:23)- set password
 INFO [main] (TC_LoginTest_002.java:25)- Clicked on loggin button
]]></system-out>
  </testcase>
  <testcase name="loginDDTest" classname="com.inetBanking.testCases.TC_LoginTest_002" time="2.427"/>
  <testcase name="loginDDTest" classname="com.inetBanking.testCases.TC_LoginTest_002" time="1.052">
    <failure message="expected [true] but found [false]" type="java.lang.AssertionError">java.lang.AssertionError: expected [true] but found [false]
	at org.testng.Assert.fail(Assert.java:99)
	at org.testng.Assert.failNotEquals(Assert.java:1037)
	at org.testng.Assert.assertTrue(Assert.java:45)
	at org.testng.Assert.assertTrue(Assert.java:55)
	at com.inetBanking.testCases.TC_LoginTest_002.loginDDTest(TC_LoginTest_002.java:30)
</failure>
    <system-out><![CDATA[ INFO [main] (TC_LoginTest_002.java:21)- sent user name
 INFO [main] (TC_LoginTest_002.java:23)- set password
 INFO [main] (TC_LoginTest_002.java:25)- Clicked on loggin button
]]></system-out>
  </testcase>
  <testcase name="loginDDTest" classname="com.inetBanking.testCases.TC_LoginTest_002" time="1.019">
    <failure message="expected [true] but found [false]" type="java.lang.AssertionError">java.lang.AssertionError: expected [true] but found [false]
	at org.testng.Assert.fail(Assert.java:99)
	at org.testng.Assert.failNotEquals(Assert.java:1037)
	at org.testng.Assert.assertTrue(Assert.java:45)
	at org.testng.Assert.assertTrue(Assert.java:55)
	at com.inetBanking.testCases.TC_LoginTest_002.loginDDTest(TC_LoginTest_002.java:30)
</failure>
    <system-out><![CDATA[ INFO [main] (TC_LoginTest_002.java:21)- sent user name
 INFO [main] (TC_LoginTest_002.java:23)- set password
 INFO [main] (TC_LoginTest_002.java:25)- Clicked on loggin button
]]></system-out>
  </testcase>
</testsuite>